Linux 6.14.0-35-generic (holae) 	11/09/2025 	_x86_64_	(10 CPU)

10:01:31 AM  CPU    %usr   %nice    %sys %iowait    %irq   %soft  %steal  %guest  %gnice   %idle
10:01:32 AM    0    5.00    0.00    3.00   11.00    0.00    0.00    0.00    0.00    0.00   81.00
10:01:32 AM    1    4.90    0.00    0.98    4.90    0.00    0.98    0.00    0.00    0.00   88.24
10:01:32 AM    2    6.00    0.00    3.00    6.00    0.00    0.00    0.00    0.00    0.00   85.00
10:01:32 AM    3    8.08    0.00    1.01    0.00    0.00    0.00    0.00    0.00    0.00   90.91
10:01:32 AM    4    5.05    0.00    3.03   27.27    0.00    0.00    0.00    0.00    0.00   64.65
10:01:32 AM    5    3.06    0.00    3.06   30.61    0.00    0.00    0.00    0.00    0.00   63.27

10:01:32 AM  CPU    %usr   %nice    %sys %iowait    %irq   %soft  %steal  %guest  %gnice   %idle
10:01:33 AM    0    7.22    0.00    5.15    7.22    0.00    1.03    0.00    0.00    0.00   79.38
10:01:33 AM    1   11.11    0.00    4.04    3.03    0.00    0.00    0.00    0.00    0.00   81.82
10:01:33 AM    2   11.11    0.00    6.06    8.08    0.00    1.01    0.00    0.00    0.00   73.74
10:01:33 AM    3   21.00    0.00    3.00    4.00    0.00    0.00    0.00    0.00    0.00   72.00
10:01:33 AM    4   12.77    0.00    6.38   15.96    0.00    0.00    0.00    0.00    0.00   64.89
10:01:33 AM    5   10.31    0.00    7.22   15.46    0.00    0.00    0.00    0.00    0.00   67.01

10:01:33 AM  CPU    %usr   %nice    %sys %iowait    %irq   %soft  %steal  %guest  %gnice   %idle
10:01:34 AM    0    6.86    0.00    2.94   18.63    0.00    0.98    0.00    0.00    0.00   70.59
10:01:34 AM    1   10.89    0.00    0.99   14.85    0.00    0.00    0.00    0.00    0.00   73.27
10:01:34 AM    2    8.00    0.00    3.00   10.00    0.00    0.00    0.00    0.00    0.00   79.00
10:01:34 AM    3    7.00    0.00    2.00    1.00    0.00    0.00    0.00    0.00    0.00   90.00
10:01:34 AM    4    5.15    0.00    4.12   11.34    0.00    0.00    0.00    0.00    0.00   79.38
10:01:34 AM    5    5.10    0.00    2.04   13.27    0.00    0.00    0.00    0.00    0.00   79.59

10:01:34 AM  CPU    %usr   %nice    %sys %iowait    %irq   %soft  %steal  %guest  %gnice   %idle
10:01:35 AM    0    4.90    0.00    1.96    5.88    0.00    0.00    0.00    0.00    0.00   87.25
10:01:35 AM    1    5.94    0.00    0.99    0.99    0.00    0.99    0.00    0.00    0.00   91.09
10:01:35 AM    2    4.95    0.00    2.97   12.87    0.00    0.00    0.00    0.00    0.00   79.21
10:01:35 AM    3    3.92    0.00    0.98    0.00    0.00    0.98    0.00    0.00    0.00   94.12
10:01:35 AM    4    3.03    0.00    2.02   18.18    0.00    1.01    0.00    0.00    0.00   75.76
10:01:35 AM    5    2.02    0.00    2.02   27.27    0.00    0.00    0.00    0.00    0.00   68.69

10:01:35 AM  CPU    %usr   %nice    %sys %iowait    %irq   %soft  %steal  %guest  %gnice   %idle
10:01:36 AM    0    5.10    0.00    1.02    6.12    0.00    0.00    0.00    0.00    0.00   87.76
10:01:36 AM    1    8.00    0.00    2.00    5.00    0.00    0.00    0.00    0.00    0.00   85.00
10:01:36 AM    2    6.06    0.00    3.03   12.12    0.00    1.01    0.00    0.00    0.00   77.78
10:01:36 AM    3    8.08    0.00    1.01    2.02    0.00    0.00    0.00    0.00    0.00   88.89
10:01:36 AM    4    6.38    0.00    4.26   17.02    0.00    0.00    0.00    0.00    0.00   72.34
10:01:36 AM    5    5.26    0.00    2.11   21.05    0.00    0.00    0.00    0.00    0.00   71.58

10:01:36 AM  CPU    %usr   %nice    %sys %iowait    %irq   %soft  %steal  %guest  %gnice   %idle
10:01:37 AM    0    8.08    0.00    3.03    8.08    0.00    0.00    0.00    0.00    0.00   80.81
10:01:37 AM    1   20.00    0.00    5.00    2.00    0.00    0.00    0.00    0.00    0.00   73.00
10:01:37 AM    2    9.28    0.00    3.09    3.09    0.00    0.00    0.00    0.00    0.00   84.54
10:01:37 AM    3   17.35    0.00    2.04    5.10    0.00    0.00    0.00    0.00    0.00   75.51
10:01:37 AM    4   12.24    0.00    5.10   21.43    0.00    1.02    0.00    0.00    0.00   60.20
10:01:37 AM    5    9.38    0.00    5.21    9.38    0.00    0.00    0.00    0.00    0.00   76.04

10:01:37 AM  CPU    %usr   %nice    %sys %iowait    %irq   %soft  %steal  %guest  %gnice   %idle
10:01:38 AM    0    6.00    0.00    2.00    9.00    0.00    1.00    0.00    0.00    0.00   82.00
10:01:38 AM    1    8.00    0.00    1.00    0.00    0.00    0.00    0.00    0.00    0.00   91.00
10:01:38 AM    2    7.00    0.00    2.00   14.00    0.00    1.00    0.00    0.00    0.00   76.00
10:01:38 AM    3    7.00    0.00    2.00    2.00    0.00    0.00    0.00    0.00    0.00   89.00
10:01:38 AM    4    4.17    0.00    4.17   16.67    0.00    0.00    0.00    0.00    0.00   75.00
10:01:38 AM    5    5.94    0.00    2.97   16.83    0.00    0.99    0.00    0.00    0.00   73.27

10:01:38 AM  CPU    %usr   %nice    %sys %iowait    %irq   %soft  %steal  %guest  %gnice   %idle
10:01:39 AM    0    2.02    0.00    1.01    1.01    0.00    0.00    0.00    0.00    0.00   95.96
10:01:39 AM    1    3.92    0.00    1.96   16.67    0.00    0.98    0.00    0.00    0.00   76.47
10:01:39 AM    2    4.04    0.00    1.01    8.08    0.00    0.00    0.00    0.00    0.00   86.87
10:01:39 AM    3    3.96    0.00    0.99    0.99    0.00    0.00    0.00    0.00    0.00   94.06
10:01:39 AM    4    3.03    0.00    2.02   10.10    0.00    0.00    0.00    0.00    0.00   84.85
10:01:39 AM    5    2.00    0.00    3.00   29.00    0.00    0.00    0.00    0.00    0.00   66.00

10:01:39 AM  CPU    %usr   %nice    %sys %iowait    %irq   %soft  %steal  %guest  %gnice   %idle
10:01:40 AM    0    2.00    0.00    0.00    2.00    0.00    0.00    0.00    0.00    0.00   96.00
10:01:40 AM    1    3.00    0.00    1.00    0.00    0.00    0.00    0.00    0.00    0.00   96.00
10:01:40 AM    2    2.00    0.00    2.00    2.00    0.00    0.00    0.00    0.00    0.00   94.00
10:01:40 AM    3    1.96    0.00    1.96    0.98    0.00    0.98    0.00    0.00    0.00   94.12
10:01:40 AM    4    1.01    0.00    3.03   36.36    0.00    0.00    0.00    0.00    0.00   59.60
10:01:40 AM    5    1.01    0.00    2.02   16.16    0.00    0.00    0.00    0.00    0.00   80.81

10:01:40 AM  CPU    %usr   %nice    %sys %iowait    %irq   %soft  %steal  %guest  %gnice   %idle
10:01:41 AM    0    2.02    0.00    2.02    9.09    0.00    0.00    0.00    0.00    0.00   86.87
10:01:41 AM    1    2.00    0.00    2.00    0.00    0.00    0.00    0.00    0.00    0.00   96.00
10:01:41 AM    2    3.00    0.00    2.00    6.00    0.00    0.00    0.00    0.00    0.00   89.00
10:01:41 AM    3    2.97    0.00    0.99    0.00    0.00    0.00    0.00    0.00    0.00   96.04
10:01:41 AM    4    2.02    0.00    2.02   32.32    0.00    0.00    0.00    0.00    0.00   63.64
10:01:41 AM    5    0.00    0.00    2.00   19.00    0.00    0.00    0.00    0.00    0.00   79.00

10:01:41 AM  CPU    %usr   %nice    %sys %iowait    %irq   %soft  %steal  %guest  %gnice   %idle
10:01:42 AM    0   16.49    0.00    4.12   13.40    0.00    0.00    0.00    0.00    0.00   65.98
10:01:42 AM    1   23.00    0.00    2.00    6.00    0.00    0.00    0.00    0.00    0.00   69.00
10:01:42 AM    2   18.56    0.00    4.12    7.22    0.00    0.00    0.00    0.00    0.00   70.10
10:01:42 AM    3   28.57    0.00    3.06    3.06    0.00    0.00    0.00    0.00    0.00   65.31
10:01:42 AM    4   20.41    0.00    8.16    8.16    0.00    0.00    0.00    0.00    0.00   63.27
10:01:42 AM    5   21.21    0.00    5.05    8.08    0.00    0.00    0.00    0.00    0.00   65.66

10:01:42 AM  CPU    %usr   %nice    %sys %iowait    %irq   %soft  %steal  %guest  %gnice   %idle
10:01:43 AM    0    4.08    0.00    3.06    4.08    0.00    0.00    0.00    0.00    0.00   88.78
10:01:43 AM    1    6.06    0.00    2.02    4.04    0.00    0.00    0.00    0.00    0.00   87.88
10:01:43 AM    2    6.06    0.00    4.04   10.10    0.00    0.00    0.00    0.00    0.00   79.80
10:01:43 AM    3    8.00    0.00    2.00    3.00    0.00    1.00    0.00    0.00    0.00   86.00
10:01:43 AM    4    8.16    0.00    4.08   16.33    0.00    1.02    0.00    0.00    0.00   70.41
10:01:43 AM    5    7.07    0.00    4.04   16.16    0.00    0.00    0.00    0.00    0.00   72.73

10:01:43 AM  CPU    %usr   %nice    %sys %iowait    %irq   %soft  %steal  %guest  %gnice   %idle
10:01:44 AM    0    3.03    0.00    2.02    8.08    0.00    0.00    0.00    0.00    0.00   86.87
10:01:44 AM    1    4.00    0.00    2.00    3.00    0.00    1.00    0.00    0.00    0.00   90.00
10:01:44 AM    2    3.03    0.00    2.02   11.11    0.00    1.01    0.00    0.00    0.00   82.83
10:01:44 AM    3    4.04    0.00    2.02    0.00    0.00    0.00    0.00    0.00    0.00   93.94
10:01:44 AM    4    4.08    0.00    3.06   13.27    0.00    0.00    0.00    0.00    0.00   79.59
10:01:44 AM    5    3.03    0.00    3.03   24.24    0.00    0.00    0.00    0.00    0.00   69.70

10:01:44 AM  CPU    %usr   %nice    %sys %iowait    %irq   %soft  %steal  %guest  %gnice   %idle
10:01:45 AM    0    4.08    0.00    1.02    6.12    0.00    0.00    0.00    0.00    0.00   88.78
10:01:45 AM    1    3.09    0.00    0.00   12.37    0.00    0.00    0.00    0.00    0.00   84.54
10:01:45 AM    2    3.12    0.00    2.08    7.29    0.00    0.00    0.00    0.00    0.00   87.50
10:01:45 AM    3    2.02    0.00    1.01    2.02    0.00    0.00    0.00    0.00    0.00   94.95
10:01:45 AM    4    4.21    0.00    2.11   22.11    0.00    0.00    0.00    0.00    0.00   71.58
10:01:45 AM    5    4.08    0.00    1.02    9.18    0.00    0.00    0.00    0.00    0.00   85.71

10:01:45 AM  CPU    %usr   %nice    %sys %iowait    %irq   %soft  %steal  %guest  %gnice   %idle
10:01:46 AM    0    3.03    0.00    2.02    3.03    0.00    0.00    0.00    0.00    0.00   91.92
10:01:46 AM    1    3.09    0.00    1.03    1.03    0.00    0.00    0.00    0.00    0.00   94.85
10:01:46 AM    2    5.05    0.00    2.02    4.04    0.00    0.00    0.00    0.00    0.00   88.89
10:01:46 AM    3    7.07    0.00    1.01    2.02    0.00    0.00    0.00    0.00    0.00   89.90
10:01:46 AM    4    3.09    0.00    3.09   31.96    0.00    0.00    0.00    0.00    0.00   61.86
10:01:46 AM    5    4.04    0.00    2.02   16.16    0.00    1.01    0.00    0.00    0.00   76.77

10:01:46 AM  CPU    %usr   %nice    %sys %iowait    %irq   %soft  %steal  %guest  %gnice   %idle
10:01:47 AM    0    6.32    0.00    2.11    3.16    0.00    0.00    0.00    0.00    0.00   88.42
10:01:47 AM    1    4.17    0.00    2.08    6.25    0.00    0.00    0.00    0.00    0.00   87.50
10:01:47 AM    2    6.32    0.00    2.11    8.42    0.00    0.00    0.00    0.00    0.00   83.16
10:01:47 AM    3    4.17    0.00    1.04    0.00    0.00    0.00    0.00    0.00    0.00   94.79
10:01:47 AM    4    7.45    0.00    4.26   15.96    0.00    0.00    0.00    0.00    0.00   72.34
10:01:47 AM    5    6.19    0.00    4.12   16.49    0.00    0.00    0.00    0.00    0.00   73.20

10:01:47 AM  CPU    %usr   %nice    %sys %iowait    %irq   %soft  %steal  %guest  %gnice   %idle
10:01:48 AM    0    3.09    0.00    1.03    6.19    0.00    0.00    0.00    0.00    0.00   89.69
10:01:48 AM    1    7.29    0.00    3.12    1.04    0.00    0.00    0.00    0.00    0.00   88.54
10:01:48 AM    2    5.15    0.00    3.09   11.34    0.00    0.00    0.00    0.00    0.00   80.41
10:01:48 AM    3    4.12    0.00    1.03    1.03    0.00    0.00    0.00    0.00    0.00   93.81
10:01:48 AM    4    7.37    0.00    3.16   20.00    0.00    0.00    0.00    0.00    0.00   69.47
10:01:48 AM    5    6.19    0.00    3.09   14.43    0.00    0.00    0.00    0.00    0.00   76.29

10:01:48 AM  CPU    %usr   %nice    %sys %iowait    %irq   %soft  %steal  %guest  %gnice   %idle
10:01:49 AM    0   18.09    0.00    3.19    6.38    0.00    0.00    0.00    0.00    0.00   72.34
10:01:49 AM    1   23.23    0.00    3.03    3.03    0.00    0.00    0.00    0.00    0.00   70.71
10:01:49 AM    2   16.84    0.00    4.21    8.42    0.00    1.05    0.00    0.00    0.00   69.47
10:01:49 AM    3   20.41    0.00    2.04    1.02    0.00    1.02    0.00    0.00    0.00   75.51
10:01:49 AM    4   19.79    0.00    6.25   13.54    0.00    0.00    0.00    0.00    0.00   60.42
10:01:49 AM    5   19.79    0.00    4.17   11.46    0.00    0.00    0.00    0.00    0.00   64.58

10:01:49 AM  CPU    %usr   %nice    %sys %iowait    %irq   %soft  %steal  %guest  %gnice   %idle
10:01:50 AM    0    2.02    0.00    2.02    2.02    0.00    0.00    0.00    0.00    0.00   93.94
10:01:50 AM    1    5.21    0.00    1.04    6.25    0.00    0.00    0.00    0.00    0.00   87.50
10:01:50 AM    2    6.19    0.00    1.03    9.28    0.00    0.00    0.00    0.00    0.00   83.51
10:01:50 AM    3    4.12    0.00    1.03    0.00    0.00    0.00    0.00    0.00    0.00   94.85
10:01:50 AM    4    3.19    0.00    1.06   14.89    0.00    0.00    0.00    0.00    0.00   80.85
10:01:50 AM    5    3.09    0.00    2.06   34.02    0.00    0.00    0.00    0.00    0.00   60.82

10:01:50 AM  CPU    %usr   %nice    %sys %iowait    %irq   %soft  %steal  %guest  %gnice   %idle
10:01:51 AM    0    6.25    0.00    1.04    3.12    0.00    0.00    0.00    0.00    0.00   89.58
10:01:51 AM    1   10.31    0.00    4.12    2.06    0.00    0.00    0.00    0.00    0.00   83.51
10:01:51 AM    2    8.42    0.00    2.11    6.32    0.00    0.00    0.00    0.00    0.00   83.16
10:01:51 AM    3   12.12    0.00    1.01    0.00    0.00    0.00    0.00    0.00    0.00   86.87
10:01:51 AM    4    8.51    0.00    4.26   23.40    0.00    0.00    0.00    0.00    0.00   63.83
10:01:51 AM    5    6.32    0.00    4.21   18.95    0.00    0.00    0.00    0.00    0.00   70.53
