========= Load Test Summary =========
Threads: 10
Duration: 20 sec
Total Requests: 7715
GET: 3032 | PUT: 2333 | DELETE: 1536 | POPULAR: 814
Successful responses: 7715 (100%)
Failed responses: 0
Throughput: 385.75 req/s
Avg latency: 25.933 ms
====================================

Server Cache Stats:
{
  "cache_size": 2882,
  "cache_capacity": 5000,
  "per_operation": {
    "GET": {"requests": 3035, "hits": 463, "misses": 2572, "hit_ratio": 15.26},
    "POPULAR": {"requests": 817, "hits": 817, "misses": 0, "hit_ratio": 100.00}
  },
  "cumulative": {"requests": 3852, "hits": 1280, "misses": 2572, "hit_ratio": 33.23}
}
