========= Load Test Summary =========
Threads: 1000
Duration: 10 sec
Total Requests: 5096
GET: 1046 | PUT: 1043 | DELETE: 2030 | POPULAR: 977
Successful responses: 4969 (97.5078%)
Failed responses: 127
Throughput: 509.6 req/s
Avg latency: 2191.5 ms
====================================

Server Cache Stats:
{
  "cache_size": 3277,
  "cache_capacity": 5000,
  "per_operation": {
    "GET": {"requests": 4820, "hits": 1019, "misses": 3801, "hit_ratio": 21.14},
    "POPULAR": {"requests": 2528, "hits": 2528, "misses": 0, "hit_ratio": 100.00}
  },
  "cumulative": {"requests": 7348, "hits": 3547, "misses": 3801, "hit_ratio": 48.27}
}
