========= Load Test Summary =========
Threads: 10
Duration: 10 sec
Total Requests: 3852
GET: 1526 | PUT: 1203 | DELETE: 770 | POPULAR: 353
Successful responses: 2627 (68.1983%)
Failed responses: 1225
Throughput: 385.2 req/s
Avg latency: 25.983 ms
====================================

Server Cache Stats:
{
  "cache_size": 4887,
  "cache_capacity": 5000,
  "per_operation": {
    "GET": {"requests": 70998, "hits": 29813, "misses": 41185, "hit_ratio": 41.99},
    "POPULAR": {"requests": 8046, "hits": 8046, "misses": 0, "hit_ratio": 100.00}
  },
  "cumulative": {"requests": 79044, "hits": 37859, "misses": 41185, "hit_ratio": 47.90}
}
