========= Load Test Summary =========
Threads: 10
Duration: 10 sec
Total Requests: 3792
GET: 741 | PUT: 735 | DELETE: 1578 | POPULAR: 738
Successful responses: 3792 (100%)
Failed responses: 0
Throughput: 379.2 req/s
Avg latency: 26.4108 ms
====================================

Server Cache Stats:
{
  "cache_size": 3090,
  "cache_capacity": 5000,
  "per_operation": {
    "GET": {"requests": 3776, "hits": 679, "misses": 3097, "hit_ratio": 17.98},
    "POPULAR": {"requests": 1555, "hits": 1555, "misses": 0, "hit_ratio": 100.00}
  },
  "cumulative": {"requests": 5331, "hits": 2234, "misses": 3097, "hit_ratio": 41.91}
}
