========= Load Test Summary =========
Threads: 10
Duration: 10 sec
Total Requests: 3694
GET: 1459 | PUT: 1178 | DELETE: 707 | POPULAR: 350
Successful responses: 2644 (71.5755%)
Failed responses: 1050
Throughput: 369.4 req/s
Avg latency: 27.1315 ms
====================================

Server Cache Stats:
{
  "cache_size": 4994,
  "cache_capacity": 5000,
  "per_operation": {
    "GET": {"requests": 72457, "hits": 30577, "misses": 41880, "hit_ratio": 42.20},
    "POPULAR": {"requests": 8396, "hits": 8396, "misses": 0, "hit_ratio": 100.00}
  },
  "cumulative": {"requests": 80853, "hits": 38973, "misses": 41880, "hit_ratio": 48.20}
}
