========= Load Test Summary =========
Threads: 40
Duration: 20 sec
Total Requests: 4840
GET: 514 | PUT: 4326 | DELETE: 0 | POPULAR: 0
Successful responses: 4839 (99.9793%)
Failed responses: 1
Throughput: 241.95 req/s
Avg latency: 165.619 ms
====================================

Server Cache Stats:
{
  "cache_size": 3642,
  "cache_capacity": 5000,
  "per_operation": {
    "GET": {"requests": 521, "hits": 96, "misses": 425, "hit_ratio": 18.43},
    "POPULAR": {"requests": 4, "hits": 4, "misses": 0, "hit_ratio": 100.00}
  },
  "cumulative": {"requests": 525, "hits": 100, "misses": 425, "hit_ratio": 19.05}
}
Server Popular Stats:
{
  "cached_keys": ["9147", "6735", "3384", "7864", "8455", "1834", "1948", "4036", "1666", "5958"],
  "count": 10, "total_cached": 3642
}
