========= Load Test Summary =========
Threads: 10
Duration: 10 sec
Total Requests: 4123
GET: 1685 | PUT: 1209 | DELETE: 810 | POPULAR: 419
Successful responses: 2739 (66.4322%)
Failed responses: 1384
Throughput: 412.3 req/s
Avg latency: 24.2777 ms
====================================

Server Cache Stats:
{
  "cache_size": 4616,
  "cache_capacity": 5000,
  "per_operation": {
    "GET": {"requests": 69472, "hits": 29110, "misses": 40362, "hit_ratio": 41.90},
    "POPULAR": {"requests": 7693, "hits": 7693, "misses": 0, "hit_ratio": 100.00}
  },
  "cumulative": {"requests": 77165, "hits": 36803, "misses": 40362, "hit_ratio": 47.69}
}
