========= Load Test Summary =========
Threads: 10
Duration: 10 sec
Total Requests: 4033
GET: 790 | PUT: 762 | DELETE: 1609 | POPULAR: 872
Successful responses: 4033 (100%)
Failed responses: 0
Throughput: 403.3 req/s
Avg latency: 24.8337 ms
====================================

Server Cache Stats:
{
  "cache_size": 3697,
  "cache_capacity": 5000,
  "per_operation": {
    "GET": {"requests": 6976, "hits": 1838, "misses": 5138, "hit_ratio": 26.35},
    "POPULAR": {"requests": 4715, "hits": 4715, "misses": 0, "hit_ratio": 100.00}
  },
  "cumulative": {"requests": 11691, "hits": 6553, "misses": 5138, "hit_ratio": 56.05}
}
